<?xml version="1.0" encoding="UTF-8"?>
<!-- Generated by org.testng.reporters.JUnitReportReporter -->
<testsuite hostname="ssn" failures="0" tests="1" name="git1demo1.data" time="0.005" errors="0" timestamp="2024-08-15T15:09:27 IST" skipped="0">
  <testcase classname="git1demo1.data" name="class2" time="0.005"/>
  <system-out/>
</testsuite> <!-- git1demo1.data -->
